C51 COMPILER V9.00   MAIN                                                                  08/16/2014 11:23:45 PAGE 1   


C51 COMPILER V9.00, COMPILATION OF MODULE MAIN
OBJECT MODULE PLACED IN ..\obj\main.obj
COMPILER INVOKED BY: C:\Keil\C51\BIN\C51.EXE ..\code\main.c BROWSE INCDIR(..\code;..\user) DEBUG OBJECTEXTEND PRINT(.\ma
                    -in.lst) OBJECT(..\obj\main.obj)

line level    source

   1          /***************************飞音云电子****************************
   2          **  工程名称：YS-LDV3语音识别开发板驱动程序
   3          **      CPU: STC11L08XE
   4          **      晶振：22.1184MHZ
   5          **      波特率：9600 bit/S
   6          **      配套产品信息：YS-LDV3语音识别开发板
   7          **                http://yuesheng001.taobao.com
   8          **  作者：zdings
   9          **  联系：751956552@qq.com
  10          **  修改日期：2014.08.16
  11          **  说明：普通模式： 直接说出预设的关键词
  12          /***************************飞音云电子******************************/
  13          #include "config.h"
  14          /************************************************************************************/
  15          //      nAsrStatus 用来在main主程序中表示程序运行的状态，不是LD3320芯片内部的状态寄存器
  16          //      LD_ASR_NONE:            表示没有在作ASR识别
  17          //      LD_ASR_RUNING：         表示LD3320正在作ASR识别中
  18          //      LD_ASR_FOUNDOK:         表示一次识别流程结束后，有一个识别结果
  19          //      LD_ASR_FOUNDZERO:       表示一次识别流程结束后，没有识别结果
  20          //      LD_ASR_ERROR:           表示一次识别流程中LD3320芯片内部出现不正确的状态
  21          /***********************************************************************************/
  22          uint8 idata nAsrStatus=0;       
  23          void MCU_init(); 
  24          void ProcessInt0(); //识别处理函数
  25          void delay(unsigned long uldata);
  26          void User_handle(uint8 dat);//用户执行操作函数
  27          void Delay200ms();
  28          void Led_test(void);//单片机工作指示
  29          void Led_test1(void);
  30          uint8_t G0_flag=DISABLE;//运行标志，ENABLE:运行。DISABLE:禁止运行 
  31          
  32          sbit LED1=P4^0;//信号指示灯1
  33          sbit LED2=P2^2;//信号指示灯2
  34          sbit LED3=P4^1;//信号指示灯3
  35          
  36          sbit key1=P4^2;//按键1
  37          sbit key2=P4^3;//按键2
  38          sbit key3=P3^4;//按键3
  39          
  40          /***********************************************************
  41          * 名    称： void  main(void)
  42          * 功    能： 主函数     程序入口
  43          * 入口参数：  
  44          * 出口参数：
  45          * 说    明：                                     
  46          * 调用方法： 
  47          **********************************************************/ 
  48          void  main(void)
  49          {
  50   1              uint8 idata nAsrRes;
  51   1              uint8 i=0;
  52   1              MCU_init();
  53   1              Led_test();
  54   1              LD_Reset(); //语音芯片复位
C51 COMPILER V9.00   MAIN                                                                  08/16/2014 11:23:45 PAGE 2   

  55   1              UartIni(); /*串口初始化*/
  56   1              nAsrStatus = LD_ASR_NONE;               //      初始状态：没有在作ASR
  57   1              
  58   1              #ifdef TEST     
  59   1          PrintCom("     普通模式  \r\n"); /*text.....*/
  60   1              PrintCom("口令：1、代码测试\r\n"); /*text.....*/
  61   1              PrintCom("      2、开发板验证\r\n"); /*text.....*/
  62   1              PrintCom("      3、开灯\r\n"); /*text.....*/
  63   1              PrintCom("      4、关灯\r\n"); /*text.....*/
  64   1              PrintCom("  5、北京\r\n"); /*text.....*/
  65   1              PrintCom("      6、上海\r\n"); /*text.....*/
  66   1              PrintCom("      7、广州\r\n"); /*text.....*/
  67   1              #endif
  68   1      
  69   1              while(1)
  70   1              {
  71   2                      switch(nAsrStatus)
  72   2                      {
  73   3                              case LD_ASR_RUNING:
  74   3                              case LD_ASR_ERROR:              
  75   3                                      break;
  76   3                              case LD_ASR_NONE:
  77   3                              {
  78   4                                      nAsrStatus=LD_ASR_RUNING;
  79   4                                      if (RunASR()==0)        /*      启动一次ASR识别流程：ASR初始化，ASR添加关键词语，启动ASR运算*/
  80   4                                      {
  81   5                                              nAsrStatus = LD_ASR_ERROR;
  82   5                                      }
  83   4                                      break;
  84   4                              }
  85   3                              case LD_ASR_FOUNDOK: /* 一次ASR识别流程结束，去取ASR识别结果*/
  86   3                              {                               
  87   4                                      nAsrRes = LD_GetResult();               /*获取结果*/
  88   4                                      User_handle(nAsrRes);//用户执行函数 
  89   4                                      nAsrStatus = LD_ASR_NONE;
  90   4                                      break;
  91   4                              }
  92   3                              case LD_ASR_FOUNDZERO:
  93   3                              default:
  94   3                              {
  95   4                                      nAsrStatus = LD_ASR_NONE;
  96   4                                      break;
  97   4                              }
  98   3                      }// switch                              
  99   2                      
 100   2                      //按键功能演示测试。。。。。。用于测试按键是否正常
 101   2                      if(key1==0 || key2==0 || key3==0)
 102   2                      {
 103   3                         Led_test1();
 104   3                      }
 105   2              }// while
 106   1      
 107   1      }
 108          /***********************************************************
 109          * 名    称：     LED灯测试
 110          * 功    能： 单片机是否工作指示
 111          * 入口参数： 无 
 112          * 出口参数：无
 113          * 说    明：                                     
 114          **********************************************************/
 115          void Led_test(void)
 116          {
C51 COMPILER V9.00   MAIN                                                                  08/16/2014 11:23:45 PAGE 3   

 117   1              Delay200ms();Delay200ms();
 118   1              LED1=0;LED2=0;LED3=0;
 119   1              Delay200ms();Delay200ms();
 120   1              LED1=1;LED2=1;LED3=1;
 121   1              Delay200ms();Delay200ms();
 122   1              LED1=0;LED2=0;LED3=0;
 123   1              Delay200ms();Delay200ms();
 124   1              LED1=1;LED2=1;LED3=1;
 125   1              Delay200ms();Delay200ms();
 126   1              LED1=0;LED2=0;LED3=0;
 127   1      }
 128          // 用于指示是否识别成功
 129          void Led_test1(void)
 130          {
 131   1              LED1=1;LED2=0;LED3=0;
 132   1              Delay200ms();
 133   1              LED1=0;LED2=1;LED3=0;
 134   1              Delay200ms();
 135   1              LED1=0;LED2=0;LED3=1;
 136   1              Delay200ms();
 137   1              LED1=0;LED2=0;LED3=0;
 138   1      }
 139          
 140          
 141          /***********************************************************
 142          * 名    称： void MCU_init()
 143          * 功    能： 单片机初始化
 144          * 入口参数：  
 145          * 出口参数：
 146          * 说    明：                                     
 147          * 调用方法： 
 148          **********************************************************/ 
 149          void MCU_init()
 150          {
 151   1              P0 = 0xff;
 152   1              P1 = 0xff;
 153   1              P2 = 0xff;
 154   1              P3 = 0xff;
 155   1              P4 = 0xff;
 156   1              IE0=1;
 157   1              EX0=1;
 158   1              EA=1;
 159   1      }
 160          /***********************************************************
 161          * 名    称：    延时函数
 162          * 功    能：
 163          * 入口参数：  
 164          * 出口参数：
 165          * 说    明：                                     
 166          * 调用方法： 
 167          **********************************************************/ 
 168          void Delay200us()               //@22.1184MHz
 169          {
 170   1              unsigned char i, j;
 171   1              _nop_();
 172   1              _nop_();
 173   1              i = 5;
 174   1              j = 73;
 175   1              do
 176   1              {
 177   2                      while (--j);
 178   2              } while (--i);
C51 COMPILER V9.00   MAIN                                                                  08/16/2014 11:23:45 PAGE 4   

 179   1      }
 180          
 181          void  delay(unsigned long uldata)
 182          {
 183   1              unsigned int j  =  0;
 184   1              unsigned int g  =  0;
 185   1              while(uldata--)
 186   1              Delay200us();
 187   1      }
 188          
 189          void Delay200ms()               //@22.1184MHz
 190          {
 191   1              unsigned char i, j, k;
 192   1      
 193   1              i = 17;
 194   1              j = 208;
 195   1              k = 27;
 196   1              do
 197   1              {
 198   2                      do
 199   2                      {
 200   3                              while (--k);
 201   3                      } while (--j);
 202   2              } while (--i);
 203   1      }
 204          
 205          /***********************************************************
 206          * 名    称： 中断处理函数
 207          * 功    能：
 208          * 入口参数：  
 209          * 出口参数：
 210          * 说    明：                                     
 211          * 调用方法： 
 212          **********************************************************/ 
 213          void ExtInt0Handler(void) interrupt 0  
 214          {       
 215   1              ProcessInt0();                          
 216   1      }
 217          /***********************************************************
 218          * 名    称：用户执行函数 
 219          * 功    能：识别成功后，执行动作可在此进行修改 
 220          * 入口参数： 无 
 221          * 出口参数：无
 222          * 说    明：                                     
 223          **********************************************************/
 224          void    User_handle(uint8 dat)
 225          {
 226   1              //UARTSendByte(dat);//串口识别码（十六进制）
 227   1               switch(dat)               /*对结果执行相关操作,客户可删除Printcom 串口输出语句替换为其他需要控制的代码*/
 228   1                {
 229   2                        case CODE_DMCS:                       /*命令“测试”*/
 230   2                                      PrintCom("“代码测试”命令识别成功\r\n"); /*text.....*/
 231   2                                      Led_test1();//指示灯提示识别完成
 232   2                                                                                               break;
 233   2                              case CODE_KFBYZ:         /*命令“全开”*/
 234   2                                      PrintCom("“开发板验证”命令识别成功\r\n"); /*text.....*/
 235   2                                      Led_test1();//指示灯提示识别完成
 236   2                                                                                               break;
 237   2                              case CODE_KD:           /*命令“复位”*/                                
 238   2                                      PrintCom("“开灯”命令识别成功\r\n"); /*text.....*/
 239   2                                      Led_test1();//指示灯提示识别完成
 240   2                                                                                              break;
C51 COMPILER V9.00   MAIN                                                                  08/16/2014 11:23:45 PAGE 5   

 241   2                              case CODE_GD:           /*命令“复位”*/                                
 242   2                                      PrintCom("“关灯”命令识别成功\r\n"); /*text.....*/
 243   2                                      Led_test1();//指示灯提示识别完成
 244   2                                                                                              break;
 245   2                              case CODE_BJ:           /*命令“复位”*/                                
 246   2                                      PrintCom("“北京”命令识别成功\r\n"); /*text.....*/
 247   2                                      Led_test1();//指示灯提示识别完成
 248   2                                                                                              break;
 249   2                              case CODE_SH:           /*命令“复位”*/                                
 250   2                                      PrintCom("“上海”命令识别成功\r\n"); /*text.....*/
 251   2                                      Led_test1();//指示灯提示识别完成
 252   2                                                                                              break;
 253   2                              case CODE_GZ:           /*命令“复位”*/                                
 254   2                                      PrintCom("“广州”命令识别成功\r\n"); /*text.....*/
 255   2                                      Led_test1();//指示灯提示识别完成
 256   2                                                                                              break;                                                                                                                                                                                                                  
 257   2                                      default:PrintCom("请重新识别发口令\r\n"); /*text.....*/break;
 258   2                      }
 259   1      
 260   1      }        


MODULE INFORMATION:   STATIC OVERLAYABLE
   CODE SIZE        =    478    ----
   CONSTANT SIZE    =    301    ----
   XDATA SIZE       =   ----    ----
   PDATA SIZE       =   ----    ----
   DATA SIZE        =      1       9
   IDATA SIZE       =      1       1
   BIT SIZE         =   ----    ----
END OF MODULE INFORMATION.


C51 COMPILATION COMPLETE.  0 WARNING(S),  0 ERROR(S)
